Started GET "/" for 127.0.0.1 at 2023-10-29 20:10:55 +0000
  
ActiveRecord::NoDatabaseError (We could not find your database: whatever_way_works_development. Available database configurations can be found in config/database.yml file.

To resolve this error:

- Did you create the database for this app, or delete it? You may need to create your database.
- Has the database name changed? Check your database.yml config has the correct database name.

To create your database, run:

        bin/rails db:create
):
  
activerecord (7.1.1) lib/active_record/connection_adapters/postgresql_adapter.rb:74:in `rescue in new_client'
activerecord (7.1.1) lib/active_record/connection_adapters/postgresql_adapter.rb:68:in `new_client'
activerecord (7.1.1) lib/active_record/connection_adapters/postgresql_adapter.rb:981:in `connect'
activerecord (7.1.1) lib/active_record/connection_adapters/postgresql_adapter.rb:993:in `reconnect'
activerecord (7.1.1) lib/active_record/connection_adapters/abstract_adapter.rb:685:in `block in reconnect!'
activesupport (7.1.1) lib/active_support/concurrency/null_lock.rb:9:in `synchronize'
activerecord (7.1.1) lib/active_record/connection_adapters/abstract_adapter.rb:684:in `reconnect!'
activerecord (7.1.1) lib/active_record/connection_adapters/abstract_adapter.rb:788:in `verify!'
activerecord (7.1.1) lib/active_record/connection_adapters/abstract_adapter.rb:795:in `connect!'
activerecord (7.1.1) lib/active_record/connection_adapters/abstract_adapter.rb:997:in `block in with_raw_connection'
activesupport (7.1.1) lib/active_support/concurrency/null_lock.rb:9:in `synchronize'
activerecord (7.1.1) lib/active_record/connection_adapters/abstract_adapter.rb:996:in `with_raw_connection'
activerecord (7.1.1) lib/active_record/connection_adapters/abstract_adapter.rb:1104:in `valid_raw_connection'
activerecord (7.1.1) lib/active_record/connection_adapters/postgresql_adapter.rb:619:in `get_database_version'
activerecord (7.1.1) lib/active_record/connection_adapters/schema_cache.rb:374:in `database_version'
activerecord (7.1.1) lib/active_record/connection_adapters/schema_cache.rb:70:in `database_version'
activerecord (7.1.1) lib/active_record/connection_adapters/schema_cache.rb:200:in `database_version'
activerecord (7.1.1) lib/active_record/connection_adapters/abstract_adapter.rb:871:in `database_version'
activerecord (7.1.1) lib/active_record/connection_adapters/postgresql_adapter.rb:647:in `check_version'
activerecord (7.1.1) lib/active_record/connection_adapters/abstract/connection_pool.rb:675:in `new_connection'
activerecord (7.1.1) lib/active_record/connection_adapters/abstract/connection_pool.rb:720:in `checkout_new_connection'
activerecord (7.1.1) lib/active_record/connection_adapters/abstract/connection_pool.rb:699:in `try_to_checkout_new_connection'
activerecord (7.1.1) lib/active_record/connection_adapters/abstract/connection_pool.rb:657:in `acquire_connection'
activerecord (7.1.1) lib/active_record/connection_adapters/abstract/connection_pool.rb:355:in `checkout'
activerecord (7.1.1) lib/active_record/connection_adapters/abstract/connection_pool.rb:184:in `connection'
activerecord (7.1.1) lib/active_record/tasks/database_tasks.rb:501:in `block in with_temporary_connection'
activerecord (7.1.1) lib/active_record/tasks/database_tasks.rb:518:in `with_temporary_pool'
activerecord (7.1.1) lib/active_record/tasks/database_tasks.rb:500:in `with_temporary_connection'
activerecord (7.1.1) lib/active_record/tasks/database_tasks.rb:494:in `block in with_temporary_connection_for_each'
activerecord (7.1.1) lib/active_record/tasks/database_tasks.rb:493:in `each'
activerecord (7.1.1) lib/active_record/tasks/database_tasks.rb:493:in `with_temporary_connection_for_each'
activerecord (7.1.1) lib/active_record/migration.rb:771:in `pending_migrations'
activerecord (7.1.1) lib/active_record/migration.rb:750:in `check_pending_migrations'
activerecord (7.1.1) lib/active_record/migration.rb:642:in `block (2 levels) in call'
activesupport (7.1.1) lib/active_support/file_update_checker.rb:85:in `execute'
activerecord (7.1.1) lib/active_record/migration.rb:647:in `block in call'
activerecord (7.1.1) lib/active_record/migration.rb:639:in `synchronize'
activerecord (7.1.1) lib/active_record/migration.rb:639:in `call'
actionpack (7.1.1) lib/action_dispatch/middleware/callbacks.rb:29:in `block in call'
activesupport (7.1.1) lib/active_support/callbacks.rb:101:in `run_callbacks'
actionpack (7.1.1) lib/action_dispatch/middleware/callbacks.rb:28:in `call'
actionpack (7.1.1) lib/action_dispatch/middleware/executor.rb:14:in `call'
actionpack (7.1.1) lib/action_dispatch/middleware/actionable_exceptions.rb:16:in `call'
actionpack (7.1.1) lib/action_dispatch/middleware/debug_exceptions.rb:29:in `call'
web-console (4.2.1) lib/web_console/middleware.rb:132:in `call_app'
web-console (4.2.1) lib/web_console/middleware.rb:28:in `block in call'
web-console (4.2.1) lib/web_console/middleware.rb:17:in `catch'
web-console (4.2.1) lib/web_console/middleware.rb:17:in `call'
actionpack (7.1.1) lib/action_dispatch/middleware/show_exceptions.rb:31:in `call'
railties (7.1.1) lib/rails/rack/logger.rb:37:in `call_app'
railties (7.1.1) lib/rails/rack/logger.rb:24:in `block in call'
activesupport (7.1.1) lib/active_support/tagged_logging.rb:135:in `block in tagged'
activesupport (7.1.1) lib/active_support/tagged_logging.rb:39:in `tagged'
activesupport (7.1.1) lib/active_support/tagged_logging.rb:135:in `tagged'
activesupport (7.1.1) lib/active_support/broadcast_logger.rb:232:in `method_missing'
railties (7.1.1) lib/rails/rack/logger.rb:24:in `call'
sprockets-rails (3.4.2) lib/sprockets/rails/quiet_assets.rb:13:in `call'
actionpack (7.1.1) lib/action_dispatch/middleware/remote_ip.rb:92:in `call'
actionpack (7.1.1) lib/action_dispatch/middleware/request_id.rb:28:in `call'
rack (3.0.8) lib/rack/method_override.rb:28:in `call'
rack (3.0.8) lib/rack/runtime.rb:24:in `call'
activesupport (7.1.1) lib/active_support/cache/strategy/local_cache_middleware.rb:29:in `call'
actionpack (7.1.1) lib/action_dispatch/middleware/server_timing.rb:59:in `block in call'
actionpack (7.1.1) lib/action_dispatch/middleware/server_timing.rb:24:in `collect_events'
actionpack (7.1.1) lib/action_dispatch/middleware/server_timing.rb:58:in `call'
actionpack (7.1.1) lib/action_dispatch/middleware/executor.rb:14:in `call'
actionpack (7.1.1) lib/action_dispatch/middleware/static.rb:25:in `call'
rack (3.0.8) lib/rack/sendfile.rb:114:in `call'
actionpack (7.1.1) lib/action_dispatch/middleware/host_authorization.rb:141:in `call'
railties (7.1.1) lib/rails/engine.rb:529:in `call'
puma (6.4.0) lib/puma/configuration.rb:272:in `call'
puma (6.4.0) lib/puma/request.rb:100:in `block in handle_request'
puma (6.4.0) lib/puma/thread_pool.rb:378:in `with_force_shutdown'
puma (6.4.0) lib/puma/request.rb:99:in `handle_request'
puma (6.4.0) lib/puma/server.rb:443:in `process_client'
puma (6.4.0) lib/puma/server.rb:241:in `block in run'
puma (6.4.0) lib/puma/thread_pool.rb:155:in `block in spawn_thread'
  [1m[35m (103.7ms)[0m  [1m[35mCREATE DATABASE "whatever_way_works_development" ENCODING = 'unicode'[0m
  [1m[35m (41.8ms)[0m  [1m[35mCREATE DATABASE "whatever_way_works_test" ENCODING = 'unicode'[0m
  [1m[35m (1.8ms)[0m  [1m[35mCREATE TABLE "schema_migrations" ("version" character varying NOT NULL PRIMARY KEY)[0m
  [1m[35m (0.7ms)[0m  [1m[35mCREATE TABLE "ar_internal_metadata" ("key" character varying NOT NULL PRIMARY KEY, "value" character varying, "created_at" timestamp(6) NOT NULL, "updated_at" timestamp(6) NOT NULL)[0m
  [1m[35m (0.0ms)[0m  [1m[34mSELECT pg_try_advisory_lock(1119005869972176900)[0m
  [1m[36mActiveRecord::SchemaMigration Load (0.2ms)[0m  [1m[34mSELECT "schema_migrations"."version" FROM "schema_migrations" ORDER BY "schema_migrations"."version" ASC[0m
  [1m[36mActiveRecord::InternalMetadata Load (0.5ms)[0m  [1m[34mSELECT * FROM "ar_internal_metadata" WHERE "ar_internal_metadata"."key" = $1 ORDER BY "ar_internal_metadata"."key" ASC LIMIT 1[0m  [[nil, "environment"]]
  [1m[36mActiveRecord::InternalMetadata Create (0.4ms)[0m  [1m[32mINSERT INTO "ar_internal_metadata" ("key", "value", "created_at", "updated_at") VALUES ('environment', 'development', '2023-10-29 20:11:27.630967', '2023-10-29 20:11:27.630969') RETURNING "key"[0m
  [1m[35m (0.1ms)[0m  [1m[34mSELECT pg_advisory_unlock(1119005869972176900)[0m
  [1m[36mActiveRecord::SchemaMigration Load (0.0ms)[0m  [1m[34mSELECT "schema_migrations"."version" FROM "schema_migrations" ORDER BY "schema_migrations"."version" ASC[0m
Started GET "/" for 127.0.0.1 at 2023-10-29 20:11:34 +0000
  [1m[36mActiveRecord::SchemaMigration Load (0.9ms)[0m  [1m[34mSELECT "schema_migrations"."version" FROM "schema_migrations" ORDER BY "schema_migrations"."version" ASC[0m
Processing by Rails::WelcomeController#index as HTML
  Rendering /Users/lauraw/.rbenv/versions/2.7.8/lib/ruby/gems/2.7.0/gems/railties-7.1.1/lib/rails/templates/rails/welcome/index.html.erb
  Rendered /Users/lauraw/.rbenv/versions/2.7.8/lib/ruby/gems/2.7.0/gems/railties-7.1.1/lib/rails/templates/rails/welcome/index.html.erb (Duration: 0.3ms | Allocations: 469)
Completed 200 OK in 8ms (Views: 2.1ms | ActiveRecord: 0.0ms | Allocations: 6761)


  [1m[35m (0.3ms)[0m  [1m[34mSELECT pg_try_advisory_lock(1119005869972176900)[0m
  [1m[36mActiveRecord::SchemaMigration Load (2.1ms)[0m  [1m[34mSELECT "schema_migrations"."version" FROM "schema_migrations" ORDER BY "schema_migrations"."version" ASC[0m
  [1m[36mActiveRecord::InternalMetadata Load (2.3ms)[0m  [1m[34mSELECT * FROM "ar_internal_metadata" WHERE "ar_internal_metadata"."key" = $1 ORDER BY "ar_internal_metadata"."key" ASC LIMIT 1[0m  [[nil, "environment"]]
Migrating to EnableUuid (20231029204006)
  [1m[36mTRANSACTION (0.1ms)[0m  [1m[35mBEGIN[0m
  [1m[35mSQL (250.6ms)[0m  [1m[35mCREATE EXTENSION IF NOT EXISTS "pgcrypto"[0m
  [1m[36mActiveRecord::SchemaMigration Create (1.8ms)[0m  [1m[32mINSERT INTO "schema_migrations" ("version") VALUES ('20231029204006') RETURNING "version"[0m
  [1m[36mTRANSACTION (0.8ms)[0m  [1m[35mCOMMIT[0m
  [1m[35m (0.2ms)[0m  [1m[34mSELECT pg_advisory_unlock(1119005869972176900)[0m
  [1m[36mActiveRecord::SchemaMigration Load (0.2ms)[0m  [1m[34mSELECT "schema_migrations"."version" FROM "schema_migrations" ORDER BY "schema_migrations"."version" ASC[0m
